-- The C compiler identification is GNU 13.3.0
-- The CXX compiler identification is GNU 13.3.0
-- Detecting C compiler ABI info
-- Detecting C compiler ABI info - done
-- Check for working C compiler: /usr/bin/cc - skipped
-- Detecting C compile features
-- Detecting C compile features - done
-- Detecting CXX compiler ABI info
-- Detecting CXX compiler ABI info - done
-- Check for working CXX compiler: /usr/bin/c++ - skipped
-- Detecting CXX compile features
-- Detecting CXX compile features - done
-- Found ros2_control_cmake: 0.1.1 (/opt/ros/rolling/share/ros2_control_cmake/cmake)
-- Compiler warnings enabled for GNU
-- Detected GCC Version: 13.3.0 (Major: 13, Minor: 3)
-- Found ament_cmake: 2.7.2 (/opt/ros/rolling/share/ament_cmake/cmake)
-- Found Python3: /usr/bin/python3 (found version "3.12.3") found components: Interpreter 
-- Override CMake install command with custom implementation using symlinks instead of copying resources
-- Found controller_interface: 4.27.0 (/opt/ros/rolling/share/controller_interface/cmake)
-- Found rosidl_generator_c: 4.9.3 (/opt/ros/rolling/share/rosidl_generator_c/cmake)
-- Found rosidl_generator_cpp: 4.9.3 (/opt/ros/rolling/share/rosidl_generator_cpp/cmake)
-- Using all available rosidl_typesupport_c: rosidl_typesupport_fastrtps_c;rosidl_typesupport_introspection_c
-- Using all available rosidl_typesupport_cpp: rosidl_typesupport_fastrtps_cpp;rosidl_typesupport_introspection_cpp
-- Found TinyXML2 via Config file: /usr/lib/x86_64-linux-gnu/cmake/tinyxml2
-- Found rmw_implementation_cmake: 7.8.1 (/opt/ros/rolling/share/rmw_implementation_cmake/cmake)
-- Found rmw_fastrtps_cpp: 9.3.1 (/opt/ros/rolling/share/rmw_fastrtps_cpp/cmake)
-- Found TinyXML2 via Config file: /usr/lib/x86_64-linux-gnu/cmake/tinyxml2
-- Found OpenSSL: /usr/lib/x86_64-linux-gnu/libcrypto.so (found version "3.0.13")  
-- Found TinyXML2 via Config file: /usr/lib/x86_64-linux-gnu/cmake/tinyxml2
-- Using RMW implementation 'rmw_fastrtps_cpp' as default
-- Found generate_parameter_library: 0.4.0 (/opt/ros/rolling/share/generate_parameter_library/cmake)
-- Found parameter_traits: 0.4.0 (/opt/ros/rolling/share/parameter_traits/cmake)
-- Found nav_msgs: 5.5.0 (/opt/ros/rolling/share/nav_msgs/cmake)
-- Found std_srvs: 5.5.0 (/opt/ros/rolling/share/std_srvs/cmake)
-- Found tf2: 0.40.1 (/opt/ros/rolling/share/tf2/cmake)
-- Found tf2_geometry_msgs: 0.40.1 (/opt/ros/rolling/share/tf2_geometry_msgs/cmake)
-- Found eigen3_cmake_module: 0.4.0 (/opt/ros/rolling/share/eigen3_cmake_module/cmake)
-- Found Eigen3: TRUE (found version "3.4.0") 
-- Ensuring Eigen3 include directory is part of orocos-kdl CMake target
-- Found ament_cmake_gmock: 2.7.2 (/opt/ros/rolling/share/ament_cmake_gmock/cmake)
-- Found controller_manager: 4.27.0 (/opt/ros/rolling/share/controller_manager/cmake)
-- Found ros2_control_test_assets: 4.27.0 (/opt/ros/rolling/share/ros2_control_test_assets/cmake)
-- Found gmock sources under '/opt/ros/rolling/src/gmock_vendor': C++ tests using 'Google Mock' will be built
-- Found ament_cmake_gtest: 2.7.2 (/opt/ros/rolling/share/ament_cmake_gtest/cmake)
-- Found gtest sources under '/opt/ros/rolling/src/gtest_vendor': C++ tests using 'Google Test' will be built
-- Configuring done (1.6s)
-- Generating done (0.0s)
-- Build files have been written to: /home/nbf2/my_ros2_controllers/mecanum_drive_controller/build/this_mecanum_drive_controller
[  6%] [32mBuilding CXX object gmock/CMakeFiles/gmock.dir/src/gmock-all.cc.o[0m
[ 12%] [32mBuilding CXX object gmock/CMakeFiles/gmock_main.dir/src/gmock_main.cc.o[0m
[ 18%] [34m[1mRunning `/opt/ros/rolling/bin/generate_parameter_library_cpp /home/nbf2/my_ros2_controllers/mecanum_drive_controller/build/this_mecanum_drive_controller/include/this_mecanum_drive_controller/this_mecanum_drive_controller_parameters.hpp /home/nbf2/my_ros2_controllers/mecanum_drive_controller/src/this_mecanum_drive_controller.yaml `[0m
[ 25%] [32mBuilding CXX object gmock/CMakeFiles/gmock.dir/opt/ros/rolling/src/gtest_vendor/src/gtest-all.cc.o[0m
[ 31%] [34m[1mCreating deprecated header file /home/nbf2/my_ros2_controllers/mecanum_drive_controller/build/this_mecanum_drive_controller/include/this_mecanum_drive_controller_parameters.hpp[0m
[ 31%] Built target this_mecanum_drive_controller_parameters
[ 43%] [32mBuilding CXX object CMakeFiles/this_mecanum_drive_controller.dir/src/odometry.cpp.o[0m
[ 43%] [32mBuilding CXX object CMakeFiles/this_mecanum_drive_controller.dir/src/mecanum_drive_controller.cpp.o[0m
[ 50%] [32m[1mLinking CXX static library libgmock_main.a[0m
[ 50%] Built target gmock_main
[ 56%] [32m[1mLinking CXX static library libgmock.a[0m
[ 56%] Built target gmock
[ 62%] [32mBuilding CXX object CMakeFiles/test_load_this_mecanum_drive_controller.dir/test/test_load_mecanum_drive_controller.cpp.o[0m
[ 68%] [32m[1mLinking CXX executable test_load_this_mecanum_drive_controller[0m
[ 68%] Built target test_load_this_mecanum_drive_controller
[ 75%] [32m[1mLinking CXX shared library libthis_mecanum_drive_controller.so[0m
[ 75%] Built target this_mecanum_drive_controller
[ 81%] [32mBuilding CXX object CMakeFiles/test_this_mecanum_drive_controller.dir/test/test_mecanum_drive_controller.cpp.o[0m
[ 87%] [32mBuilding CXX object CMakeFiles/test_this_mecanum_drive_controller_preceeding.dir/test/test_mecanum_drive_controller_preceeding.cpp.o[0m
[ 93%] [32m[1mLinking CXX executable test_this_mecanum_drive_controller_preceeding[0m
[ 93%] Built target test_this_mecanum_drive_controller_preceeding
[100%] [32m[1mLinking CXX executable test_this_mecanum_drive_controller[0m
[100%] Built target test_this_mecanum_drive_controller
-- Install configuration: ""
-- Execute custom install script
-- Symlinking: /home/nbf2/my_ros2_controllers/mecanum_drive_controller/install/this_mecanum_drive_controller/include/this_mecanum_drive_controller/this_mecanum_drive_controller_parameters.hpp
-- Symlinking: /home/nbf2/my_ros2_controllers/mecanum_drive_controller/install/this_mecanum_drive_controller/share/this_mecanum_drive_controller//this_mecanum_drive_controller.xml
-- Symlinking: /home/nbf2/my_ros2_controllers/mecanum_drive_controller/install/this_mecanum_drive_controller/include/this_mecanum_drive_controller/this_mecanum_drive_controller/mecanum_drive_controller.hpp
-- Symlinking: /home/nbf2/my_ros2_controllers/mecanum_drive_controller/install/this_mecanum_drive_controller/include/this_mecanum_drive_controller/this_mecanum_drive_controller/odometry.hpp
-- Symlinking: /home/nbf2/my_ros2_controllers/mecanum_drive_controller/install/this_mecanum_drive_controller/share/this_mecanum_drive_controller/environment/library_path.sh
-- Symlinking: /home/nbf2/my_ros2_controllers/mecanum_drive_controller/install/this_mecanum_drive_controller/share/this_mecanum_drive_controller/environment/library_path.dsv
-- Symlinking: /home/nbf2/my_ros2_controllers/mecanum_drive_controller/install/this_mecanum_drive_controller/share/ament_index/resource_index/package_run_dependencies/this_mecanum_drive_controller
-- Symlinking: /home/nbf2/my_ros2_controllers/mecanum_drive_controller/install/this_mecanum_drive_controller/share/ament_index/resource_index/parent_prefix_path/this_mecanum_drive_controller
-- Symlinking: /home/nbf2/my_ros2_controllers/mecanum_drive_controller/install/this_mecanum_drive_controller/share/this_mecanum_drive_controller/environment/ament_prefix_path.sh
-- Symlinking: /home/nbf2/my_ros2_controllers/mecanum_drive_controller/install/this_mecanum_drive_controller/share/this_mecanum_drive_controller/environment/ament_prefix_path.dsv
-- Symlinking: /home/nbf2/my_ros2_controllers/mecanum_drive_controller/install/this_mecanum_drive_controller/share/this_mecanum_drive_controller/environment/path.sh
-- Symlinking: /home/nbf2/my_ros2_controllers/mecanum_drive_controller/install/this_mecanum_drive_controller/share/this_mecanum_drive_controller/environment/path.dsv
-- Symlinking: /home/nbf2/my_ros2_controllers/mecanum_drive_controller/install/this_mecanum_drive_controller/share/this_mecanum_drive_controller/local_setup.bash
-- Symlinking: /home/nbf2/my_ros2_controllers/mecanum_drive_controller/install/this_mecanum_drive_controller/share/this_mecanum_drive_controller/local_setup.sh
-- Symlinking: /home/nbf2/my_ros2_controllers/mecanum_drive_controller/install/this_mecanum_drive_controller/share/this_mecanum_drive_controller/local_setup.zsh
-- Symlinking: /home/nbf2/my_ros2_controllers/mecanum_drive_controller/install/this_mecanum_drive_controller/share/this_mecanum_drive_controller/local_setup.dsv
-- Symlinking: /home/nbf2/my_ros2_controllers/mecanum_drive_controller/install/this_mecanum_drive_controller/share/this_mecanum_drive_controller/package.dsv
-- Symlinking: /home/nbf2/my_ros2_controllers/mecanum_drive_controller/install/this_mecanum_drive_controller/share/ament_index/resource_index/packages/this_mecanum_drive_controller
-- Symlinking: /home/nbf2/my_ros2_controllers/mecanum_drive_controller/install/this_mecanum_drive_controller/share/ament_index/resource_index/controller_interface__pluginlib__plugin/this_mecanum_drive_controller
-- Symlinking: /home/nbf2/my_ros2_controllers/mecanum_drive_controller/install/this_mecanum_drive_controller/share/this_mecanum_drive_controller/cmake/ament_cmake_export_dependencies-extras.cmake
-- Symlinking: /home/nbf2/my_ros2_controllers/mecanum_drive_controller/install/this_mecanum_drive_controller/share/this_mecanum_drive_controller/cmake/ament_cmake_export_targets-extras.cmake
-- Symlinking: /home/nbf2/my_ros2_controllers/mecanum_drive_controller/install/this_mecanum_drive_controller/share/this_mecanum_drive_controller/cmake/this_mecanum_drive_controllerConfig.cmake
-- Symlinking: /home/nbf2/my_ros2_controllers/mecanum_drive_controller/install/this_mecanum_drive_controller/share/this_mecanum_drive_controller/cmake/this_mecanum_drive_controllerConfig-version.cmake
-- Symlinking: /home/nbf2/my_ros2_controllers/mecanum_drive_controller/install/this_mecanum_drive_controller/share/this_mecanum_drive_controller/package.xml
-- Installing: /home/nbf2/my_ros2_controllers/mecanum_drive_controller/install/this_mecanum_drive_controller/lib/libthis_mecanum_drive_controller.so
-- Set non-toolchain portion of runtime path of "/home/nbf2/my_ros2_controllers/mecanum_drive_controller/install/this_mecanum_drive_controller/lib/libthis_mecanum_drive_controller.so" to ""
-- Installing: /home/nbf2/my_ros2_controllers/mecanum_drive_controller/install/this_mecanum_drive_controller/share/this_mecanum_drive_controller/cmake/export_this_mecanum_drive_controllerExport.cmake
-- Installing: /home/nbf2/my_ros2_controllers/mecanum_drive_controller/install/this_mecanum_drive_controller/share/this_mecanum_drive_controller/cmake/export_this_mecanum_drive_controllerExport-noconfig.cmake
