[0.070s] DEBUG:colcon:Command line arguments: ['/usr/bin/colcon', 'build', '--symlink-install']
[0.071s] DEBUG:colcon:Parsed command line arguments: Namespace(log_base=None, log_level=None, verb_name='build', build_base='build', install_base='install', merge_install=False, symlink_install=True, test_result_base=None, continue_on_error=False, executor='parallel', parallel_workers=12, event_handlers=None, ignore_user_meta=False, metas=['./colcon.meta'], base_paths=['.'], packages_ignore=None, packages_ignore_regex=None, paths=None, packages_up_to=None, packages_up_to_regex=None, packages_above=None, packages_above_and_dependencies=None, packages_above_depth=None, packages_select_by_dep=None, packages_skip_by_dep=None, packages_skip_up_to=None, packages_select_build_failed=False, packages_skip_build_finished=False, packages_select_test_failures=False, packages_skip_test_passed=False, packages_select=None, packages_skip=None, packages_select_regex=None, packages_skip_regex=None, packages_start=None, packages_end=None, allow_overriding=[], cmake_args=None, cmake_target=None, cmake_target_skip_unavailable=False, cmake_clean_cache=False, cmake_clean_first=False, cmake_force_configure=False, ament_cmake_args=None, catkin_cmake_args=None, catkin_skip_building_tests=False, mixin_files=None, mixin=None, verb_parser=<colcon_mixin.mixin.mixin_argument.MixinArgumentDecorator object at 0x729e9a2b0f80>, verb_extension=<colcon_core.verb.build.BuildVerb object at 0x729e9a22eb40>, main=<bound method BuildVerb.main of <colcon_core.verb.build.BuildVerb object at 0x729e9a22eb40>>, mixin_verb=('build',))
[0.096s] Level 1:colcon.colcon_core.package_discovery:discover_packages(colcon_meta) check parameters
[0.096s] Level 1:colcon.colcon_core.package_discovery:discover_packages(recursive) check parameters
[0.096s] Level 1:colcon.colcon_core.package_discovery:discover_packages(ignore) check parameters
[0.096s] Level 1:colcon.colcon_core.package_discovery:discover_packages(path) check parameters
[0.096s] Level 1:colcon.colcon_core.package_discovery:discover_packages(colcon_meta) discover
[0.096s] Level 1:colcon.colcon_core.package_discovery:discover_packages(recursive) discover
[0.096s] INFO:colcon.colcon_core.package_discovery:Crawling recursively for packages in '/home/nbf2/my_ros2_controllers/mecanum_drive_controller'
[0.096s] Level 1:colcon.colcon_core.package_identification:_identify(.) by extensions ['ignore', 'ignore_ament_install']
[0.097s] Level 1:colcon.colcon_core.package_identification:_identify(.) by extension 'ignore'
[0.097s] Level 1:colcon.colcon_core.package_identification:_identify(.) by extension 'ignore_ament_install'
[0.097s] Level 1:colcon.colcon_core.package_identification:_identify(.) by extensions ['colcon_pkg']
[0.097s] Level 1:colcon.colcon_core.package_identification:_identify(.) by extension 'colcon_pkg'
[0.097s] Level 1:colcon.colcon_core.package_identification:_identify(.) by extensions ['colcon_meta']
[0.097s] Level 1:colcon.colcon_core.package_identification:_identify(.) by extension 'colcon_meta'
[0.097s] Level 1:colcon.colcon_core.package_identification:_identify(.) by extensions ['ros']
[0.097s] Level 1:colcon.colcon_core.package_identification:_identify(.) by extension 'ros'
[0.117s] DEBUG:colcon.colcon_core.package_identification:Package '.' with type 'ros.ament_cmake' and name 'this_mecanum_drive_controller'
[0.117s] Level 1:colcon.colcon_core.package_discovery:discover_packages(recursive) using defaults
[0.117s] Level 1:colcon.colcon_core.package_discovery:discover_packages(ignore) discover
[0.117s] Level 1:colcon.colcon_core.package_discovery:discover_packages(ignore) using defaults
[0.117s] Level 1:colcon.colcon_core.package_discovery:discover_packages(path) discover
[0.117s] Level 1:colcon.colcon_core.package_discovery:discover_packages(path) using defaults
[0.129s] Level 1:colcon.colcon_core.package_discovery:discover_packages(prefix_path) check parameters
[0.129s] Level 1:colcon.colcon_core.package_discovery:discover_packages(prefix_path) discover
[0.130s] DEBUG:colcon.colcon_installed_package_information.package_discovery:Found 3 installed packages in /home/nbf2/ros_odrive/install
[0.130s] DEBUG:colcon.colcon_installed_package_information.package_discovery:Found 1 installed packages in /home/nbf2/youbot_ws/install
[0.131s] DEBUG:colcon.colcon_installed_package_information.package_discovery:Found 1 installed packages in /home/nbf2/twist_stamper/install
[0.131s] DEBUG:colcon.colcon_installed_package_information.package_discovery:Found 1 installed packages in /home/nbf2/articubot_one/install
[0.132s] DEBUG:colcon.colcon_installed_package_information.package_discovery:Found 370 installed packages in /opt/ros/rolling
[0.133s] Level 1:colcon.colcon_core.package_discovery:discover_packages(prefix_path) using defaults
[0.162s] Level 5:colcon.colcon_core.verb:set package 'this_mecanum_drive_controller' build argument 'cmake_args' from command line to 'None'
[0.162s] Level 5:colcon.colcon_core.verb:set package 'this_mecanum_drive_controller' build argument 'cmake_target' from command line to 'None'
[0.162s] Level 5:colcon.colcon_core.verb:set package 'this_mecanum_drive_controller' build argument 'cmake_target_skip_unavailable' from command line to 'False'
[0.162s] Level 5:colcon.colcon_core.verb:set package 'this_mecanum_drive_controller' build argument 'cmake_clean_cache' from command line to 'False'
[0.162s] Level 5:colcon.colcon_core.verb:set package 'this_mecanum_drive_controller' build argument 'cmake_clean_first' from command line to 'False'
[0.162s] Level 5:colcon.colcon_core.verb:set package 'this_mecanum_drive_controller' build argument 'cmake_force_configure' from command line to 'False'
[0.162s] Level 5:colcon.colcon_core.verb:set package 'this_mecanum_drive_controller' build argument 'ament_cmake_args' from command line to 'None'
[0.162s] Level 5:colcon.colcon_core.verb:set package 'this_mecanum_drive_controller' build argument 'catkin_cmake_args' from command line to 'None'
[0.162s] Level 5:colcon.colcon_core.verb:set package 'this_mecanum_drive_controller' build argument 'catkin_skip_building_tests' from command line to 'False'
[0.162s] DEBUG:colcon.colcon_core.verb:Building package 'this_mecanum_drive_controller' with the following arguments: {'ament_cmake_args': None, 'build_base': '/home/nbf2/my_ros2_controllers/mecanum_drive_controller/build/this_mecanum_drive_controller', 'catkin_cmake_args': None, 'catkin_skip_building_tests': False, 'cmake_args': None, 'cmake_clean_cache': False, 'cmake_clean_first': False, 'cmake_force_configure': False, 'cmake_target': None, 'cmake_target_skip_unavailable': False, 'install_base': '/home/nbf2/my_ros2_controllers/mecanum_drive_controller/install/this_mecanum_drive_controller', 'merge_install': False, 'path': '/home/nbf2/my_ros2_controllers/mecanum_drive_controller', 'symlink_install': True, 'test_result_base': None}
[0.162s] INFO:colcon.colcon_core.executor:Executing jobs using 'parallel' executor
[0.163s] DEBUG:colcon.colcon_parallel_executor.executor.parallel:run_until_complete
[0.163s] INFO:colcon.colcon_ros.task.ament_cmake.build:Building ROS package in '/home/nbf2/my_ros2_controllers/mecanum_drive_controller' with build type 'ament_cmake'
[0.163s] INFO:colcon.colcon_cmake.task.cmake.build:Building CMake package in '/home/nbf2/my_ros2_controllers/mecanum_drive_controller'
[0.165s] INFO:colcon.colcon_core.plugin_system:Skipping extension 'colcon_core.shell.bat': Not used on non-Windows systems
[0.165s] INFO:colcon.colcon_core.shell:Skip shell extension 'powershell' for command environment: Not usable outside of PowerShell
[0.165s] DEBUG:colcon.colcon_core.shell:Skip shell extension 'dsv' for command environment
[0.174s] DEBUG:colcon.colcon_core.event_handler.log_command:Invoking command in '/home/nbf2/my_ros2_controllers/mecanum_drive_controller/build/this_mecanum_drive_controller': CMAKE_PREFIX_PATH=${CMAKE_PREFIX_PATH}:/home/nbf2/youbot_ws/install/youbot:/home/nbf2/twist_stamper/install/twist_stamper:/opt/ros/rolling DEBUGINFOD_URLS=https://debuginfod.ubuntu.com /usr/bin/cmake /home/nbf2/my_ros2_controllers/mecanum_drive_controller -DAMENT_CMAKE_SYMLINK_INSTALL=1 -DCMAKE_INSTALL_PREFIX=/home/nbf2/my_ros2_controllers/mecanum_drive_controller/install/this_mecanum_drive_controller
[1.882s] DEBUG:colcon.colcon_core.event_handler.log_command:Invoked command in '/home/nbf2/my_ros2_controllers/mecanum_drive_controller/build/this_mecanum_drive_controller' returned '0': CMAKE_PREFIX_PATH=${CMAKE_PREFIX_PATH}:/home/nbf2/youbot_ws/install/youbot:/home/nbf2/twist_stamper/install/twist_stamper:/opt/ros/rolling DEBUGINFOD_URLS=https://debuginfod.ubuntu.com /usr/bin/cmake /home/nbf2/my_ros2_controllers/mecanum_drive_controller -DAMENT_CMAKE_SYMLINK_INSTALL=1 -DCMAKE_INSTALL_PREFIX=/home/nbf2/my_ros2_controllers/mecanum_drive_controller/install/this_mecanum_drive_controller
[1.884s] DEBUG:colcon.colcon_core.event_handler.log_command:Invoking command in '/home/nbf2/my_ros2_controllers/mecanum_drive_controller/build/this_mecanum_drive_controller': CMAKE_PREFIX_PATH=${CMAKE_PREFIX_PATH}:/home/nbf2/youbot_ws/install/youbot:/home/nbf2/twist_stamper/install/twist_stamper:/opt/ros/rolling DEBUGINFOD_URLS=https://debuginfod.ubuntu.com /usr/bin/cmake --build /home/nbf2/my_ros2_controllers/mecanum_drive_controller/build/this_mecanum_drive_controller -- -j12 -l12
[21.786s] DEBUG:colcon.colcon_core.event_handler.log_command:Invoked command in '/home/nbf2/my_ros2_controllers/mecanum_drive_controller/build/this_mecanum_drive_controller' returned '0': CMAKE_PREFIX_PATH=${CMAKE_PREFIX_PATH}:/home/nbf2/youbot_ws/install/youbot:/home/nbf2/twist_stamper/install/twist_stamper:/opt/ros/rolling DEBUGINFOD_URLS=https://debuginfod.ubuntu.com /usr/bin/cmake --build /home/nbf2/my_ros2_controllers/mecanum_drive_controller/build/this_mecanum_drive_controller -- -j12 -l12
[21.796s] DEBUG:colcon.colcon_core.event_handler.log_command:Invoking command in '/home/nbf2/my_ros2_controllers/mecanum_drive_controller/build/this_mecanum_drive_controller': CMAKE_PREFIX_PATH=${CMAKE_PREFIX_PATH}:/home/nbf2/youbot_ws/install/youbot:/home/nbf2/twist_stamper/install/twist_stamper:/opt/ros/rolling DEBUGINFOD_URLS=https://debuginfod.ubuntu.com /usr/bin/cmake --install /home/nbf2/my_ros2_controllers/mecanum_drive_controller/build/this_mecanum_drive_controller
[22.072s] Level 1:colcon.colcon_core.environment:create_environment_scripts_only(this_mecanum_drive_controller)
[22.073s] DEBUG:colcon.colcon_core.event_handler.log_command:Invoked command in '/home/nbf2/my_ros2_controllers/mecanum_drive_controller/build/this_mecanum_drive_controller' returned '0': CMAKE_PREFIX_PATH=${CMAKE_PREFIX_PATH}:/home/nbf2/youbot_ws/install/youbot:/home/nbf2/twist_stamper/install/twist_stamper:/opt/ros/rolling DEBUGINFOD_URLS=https://debuginfod.ubuntu.com /usr/bin/cmake --install /home/nbf2/my_ros2_controllers/mecanum_drive_controller/build/this_mecanum_drive_controller
[22.075s] Level 1:colcon.colcon_core.environment:checking '/home/nbf2/my_ros2_controllers/mecanum_drive_controller/install/this_mecanum_drive_controller' for CMake module files
[22.076s] Level 1:colcon.colcon_core.environment:checking '/home/nbf2/my_ros2_controllers/mecanum_drive_controller/install/this_mecanum_drive_controller' for CMake config files
[22.076s] Level 1:colcon.colcon_core.shell:create_environment_hook('this_mecanum_drive_controller', 'cmake_prefix_path')
[22.076s] INFO:colcon.colcon_core.shell:Creating environment hook '/home/nbf2/my_ros2_controllers/mecanum_drive_controller/install/this_mecanum_drive_controller/share/this_mecanum_drive_controller/hook/cmake_prefix_path.ps1'
[22.077s] INFO:colcon.colcon_core.shell:Creating environment descriptor '/home/nbf2/my_ros2_controllers/mecanum_drive_controller/install/this_mecanum_drive_controller/share/this_mecanum_drive_controller/hook/cmake_prefix_path.dsv'
[22.078s] INFO:colcon.colcon_core.shell:Creating environment hook '/home/nbf2/my_ros2_controllers/mecanum_drive_controller/install/this_mecanum_drive_controller/share/this_mecanum_drive_controller/hook/cmake_prefix_path.sh'
[22.079s] Level 1:colcon.colcon_core.environment:checking '/home/nbf2/my_ros2_controllers/mecanum_drive_controller/install/this_mecanum_drive_controller/lib'
[22.079s] Level 1:colcon.colcon_core.shell:create_environment_hook('this_mecanum_drive_controller', 'ld_library_path_lib')
[22.079s] INFO:colcon.colcon_core.shell:Creating environment hook '/home/nbf2/my_ros2_controllers/mecanum_drive_controller/install/this_mecanum_drive_controller/share/this_mecanum_drive_controller/hook/ld_library_path_lib.ps1'
[22.080s] INFO:colcon.colcon_core.shell:Creating environment descriptor '/home/nbf2/my_ros2_controllers/mecanum_drive_controller/install/this_mecanum_drive_controller/share/this_mecanum_drive_controller/hook/ld_library_path_lib.dsv'
[22.080s] INFO:colcon.colcon_core.shell:Creating environment hook '/home/nbf2/my_ros2_controllers/mecanum_drive_controller/install/this_mecanum_drive_controller/share/this_mecanum_drive_controller/hook/ld_library_path_lib.sh'
[22.080s] Level 1:colcon.colcon_core.environment:checking '/home/nbf2/my_ros2_controllers/mecanum_drive_controller/install/this_mecanum_drive_controller/bin'
[22.080s] Level 1:colcon.colcon_core.environment:checking '/home/nbf2/my_ros2_controllers/mecanum_drive_controller/install/this_mecanum_drive_controller/lib/pkgconfig/this_mecanum_drive_controller.pc'
[22.080s] Level 1:colcon.colcon_core.environment:checking '/home/nbf2/my_ros2_controllers/mecanum_drive_controller/install/this_mecanum_drive_controller/lib/python3.12/site-packages'
[22.081s] Level 1:colcon.colcon_core.environment:checking '/home/nbf2/my_ros2_controllers/mecanum_drive_controller/install/this_mecanum_drive_controller/bin'
[22.081s] INFO:colcon.colcon_core.shell:Creating package script '/home/nbf2/my_ros2_controllers/mecanum_drive_controller/install/this_mecanum_drive_controller/share/this_mecanum_drive_controller/package.ps1'
[22.081s] INFO:colcon.colcon_core.shell:Creating package descriptor '/home/nbf2/my_ros2_controllers/mecanum_drive_controller/install/this_mecanum_drive_controller/share/this_mecanum_drive_controller/package.dsv'
[22.082s] INFO:colcon.colcon_core.shell:Creating package script '/home/nbf2/my_ros2_controllers/mecanum_drive_controller/install/this_mecanum_drive_controller/share/this_mecanum_drive_controller/package.sh'
[22.082s] INFO:colcon.colcon_core.shell:Creating package script '/home/nbf2/my_ros2_controllers/mecanum_drive_controller/install/this_mecanum_drive_controller/share/this_mecanum_drive_controller/package.bash'
[22.083s] INFO:colcon.colcon_core.shell:Creating package script '/home/nbf2/my_ros2_controllers/mecanum_drive_controller/install/this_mecanum_drive_controller/share/this_mecanum_drive_controller/package.zsh'
[22.083s] Level 1:colcon.colcon_core.environment:create_file_with_runtime_dependencies(/home/nbf2/my_ros2_controllers/mecanum_drive_controller/install/this_mecanum_drive_controller/share/colcon-core/packages/this_mecanum_drive_controller)
[22.083s] Level 1:colcon.colcon_core.environment:create_environment_scripts_only(this_mecanum_drive_controller)
[22.083s] Level 1:colcon.colcon_core.environment:checking '/home/nbf2/my_ros2_controllers/mecanum_drive_controller/install/this_mecanum_drive_controller' for CMake module files
[22.084s] Level 1:colcon.colcon_core.environment:checking '/home/nbf2/my_ros2_controllers/mecanum_drive_controller/install/this_mecanum_drive_controller' for CMake config files
[22.084s] Level 1:colcon.colcon_core.shell:create_environment_hook('this_mecanum_drive_controller', 'cmake_prefix_path')
[22.084s] INFO:colcon.colcon_core.shell:Creating environment hook '/home/nbf2/my_ros2_controllers/mecanum_drive_controller/install/this_mecanum_drive_controller/share/this_mecanum_drive_controller/hook/cmake_prefix_path.ps1'
[22.084s] INFO:colcon.colcon_core.shell:Creating environment descriptor '/home/nbf2/my_ros2_controllers/mecanum_drive_controller/install/this_mecanum_drive_controller/share/this_mecanum_drive_controller/hook/cmake_prefix_path.dsv'
[22.084s] INFO:colcon.colcon_core.shell:Creating environment hook '/home/nbf2/my_ros2_controllers/mecanum_drive_controller/install/this_mecanum_drive_controller/share/this_mecanum_drive_controller/hook/cmake_prefix_path.sh'
[22.085s] Level 1:colcon.colcon_core.environment:checking '/home/nbf2/my_ros2_controllers/mecanum_drive_controller/install/this_mecanum_drive_controller/lib'
[22.085s] Level 1:colcon.colcon_core.shell:create_environment_hook('this_mecanum_drive_controller', 'ld_library_path_lib')
[22.085s] INFO:colcon.colcon_core.shell:Creating environment hook '/home/nbf2/my_ros2_controllers/mecanum_drive_controller/install/this_mecanum_drive_controller/share/this_mecanum_drive_controller/hook/ld_library_path_lib.ps1'
[22.085s] INFO:colcon.colcon_core.shell:Creating environment descriptor '/home/nbf2/my_ros2_controllers/mecanum_drive_controller/install/this_mecanum_drive_controller/share/this_mecanum_drive_controller/hook/ld_library_path_lib.dsv'
[22.085s] INFO:colcon.colcon_core.shell:Creating environment hook '/home/nbf2/my_ros2_controllers/mecanum_drive_controller/install/this_mecanum_drive_controller/share/this_mecanum_drive_controller/hook/ld_library_path_lib.sh'
[22.085s] Level 1:colcon.colcon_core.environment:checking '/home/nbf2/my_ros2_controllers/mecanum_drive_controller/install/this_mecanum_drive_controller/bin'
[22.085s] Level 1:colcon.colcon_core.environment:checking '/home/nbf2/my_ros2_controllers/mecanum_drive_controller/install/this_mecanum_drive_controller/lib/pkgconfig/this_mecanum_drive_controller.pc'
[22.085s] Level 1:colcon.colcon_core.environment:checking '/home/nbf2/my_ros2_controllers/mecanum_drive_controller/install/this_mecanum_drive_controller/lib/python3.12/site-packages'
[22.086s] Level 1:colcon.colcon_core.environment:checking '/home/nbf2/my_ros2_controllers/mecanum_drive_controller/install/this_mecanum_drive_controller/bin'
[22.086s] INFO:colcon.colcon_core.shell:Creating package script '/home/nbf2/my_ros2_controllers/mecanum_drive_controller/install/this_mecanum_drive_controller/share/this_mecanum_drive_controller/package.ps1'
[22.086s] INFO:colcon.colcon_core.shell:Creating package descriptor '/home/nbf2/my_ros2_controllers/mecanum_drive_controller/install/this_mecanum_drive_controller/share/this_mecanum_drive_controller/package.dsv'
[22.086s] INFO:colcon.colcon_core.shell:Creating package script '/home/nbf2/my_ros2_controllers/mecanum_drive_controller/install/this_mecanum_drive_controller/share/this_mecanum_drive_controller/package.sh'
[22.087s] INFO:colcon.colcon_core.shell:Creating package script '/home/nbf2/my_ros2_controllers/mecanum_drive_controller/install/this_mecanum_drive_controller/share/this_mecanum_drive_controller/package.bash'
[22.087s] INFO:colcon.colcon_core.shell:Creating package script '/home/nbf2/my_ros2_controllers/mecanum_drive_controller/install/this_mecanum_drive_controller/share/this_mecanum_drive_controller/package.zsh'
[22.087s] Level 1:colcon.colcon_core.environment:create_file_with_runtime_dependencies(/home/nbf2/my_ros2_controllers/mecanum_drive_controller/install/this_mecanum_drive_controller/share/colcon-core/packages/this_mecanum_drive_controller)
[22.087s] DEBUG:colcon.colcon_parallel_executor.executor.parallel:closing loop
[22.087s] DEBUG:colcon.colcon_parallel_executor.executor.parallel:loop closed
[22.087s] DEBUG:colcon.colcon_parallel_executor.executor.parallel:run_until_complete finished with '0'
[22.087s] DEBUG:colcon.colcon_core.event_reactor:joining thread
[22.091s] INFO:colcon.colcon_core.plugin_system:Skipping extension 'colcon_notification.desktop_notification.terminal_notifier': Not used on non-Darwin systems
[22.091s] INFO:colcon.colcon_core.plugin_system:Skipping extension 'colcon_notification.desktop_notification.win32': Not used on non-Windows systems
[22.091s] INFO:colcon.colcon_notification.desktop_notification:Sending desktop notification using 'notify2'
[22.111s] DEBUG:colcon.colcon_core.event_reactor:joined thread
[22.111s] INFO:colcon.colcon_core.shell:Creating prefix script '/home/nbf2/my_ros2_controllers/mecanum_drive_controller/install/local_setup.ps1'
[22.111s] INFO:colcon.colcon_core.shell:Creating prefix util module '/home/nbf2/my_ros2_controllers/mecanum_drive_controller/install/_local_setup_util_ps1.py'
[22.112s] INFO:colcon.colcon_core.shell:Creating prefix chain script '/home/nbf2/my_ros2_controllers/mecanum_drive_controller/install/setup.ps1'
[22.113s] INFO:colcon.colcon_core.shell:Creating prefix script '/home/nbf2/my_ros2_controllers/mecanum_drive_controller/install/local_setup.sh'
[22.114s] INFO:colcon.colcon_core.shell:Creating prefix util module '/home/nbf2/my_ros2_controllers/mecanum_drive_controller/install/_local_setup_util_sh.py'
[22.114s] INFO:colcon.colcon_core.shell:Creating prefix chain script '/home/nbf2/my_ros2_controllers/mecanum_drive_controller/install/setup.sh'
[22.115s] INFO:colcon.colcon_core.shell:Creating prefix script '/home/nbf2/my_ros2_controllers/mecanum_drive_controller/install/local_setup.bash'
[22.116s] INFO:colcon.colcon_core.shell:Creating prefix chain script '/home/nbf2/my_ros2_controllers/mecanum_drive_controller/install/setup.bash'
[22.117s] INFO:colcon.colcon_core.shell:Creating prefix script '/home/nbf2/my_ros2_controllers/mecanum_drive_controller/install/local_setup.zsh'
[22.117s] INFO:colcon.colcon_core.shell:Creating prefix chain script '/home/nbf2/my_ros2_controllers/mecanum_drive_controller/install/setup.zsh'
