[ 12%] Built target this_mecanum_drive_controller_parameters
[ 31%] Built target gmock
[ 43%] Built target gmock_main
[ 50%] [32mBuilding CXX object CMakeFiles/this_mecanum_drive_controller.dir/src/mecanum_drive_controller.cpp.o[0m
[ 62%] Built target test_load_this_mecanum_drive_controller
[ 68%] [32m[1mLinking CXX shared library libthis_mecanum_drive_controller.so[0m
[ 75%] Built target this_mecanum_drive_controller
[ 81%] [32m[1mLinking CXX executable test_this_mecanum_drive_controller_preceeding[0m
[ 87%] [32m[1mLinking CXX executable test_this_mecanum_drive_controller[0m
[ 93%] Built target test_this_mecanum_drive_controller_preceeding
[100%] Built target test_this_mecanum_drive_controller
-- Install configuration: ""
-- Execute custom install script
-- Up-to-date symlink: /home/nbf2/my_ros2_controllers/mecanum_drive_controller/install/this_mecanum_drive_controller/include/this_mecanum_drive_controller/this_mecanum_drive_controller_parameters.hpp
-- Up-to-date symlink: /home/nbf2/my_ros2_controllers/mecanum_drive_controller/install/this_mecanum_drive_controller/share/this_mecanum_drive_controller//this_mecanum_drive_controller.xml
-- Up-to-date symlink: /home/nbf2/my_ros2_controllers/mecanum_drive_controller/install/this_mecanum_drive_controller/include/this_mecanum_drive_controller/this_mecanum_drive_controller/mecanum_drive_controller.hpp
-- Up-to-date symlink: /home/nbf2/my_ros2_controllers/mecanum_drive_controller/install/this_mecanum_drive_controller/include/this_mecanum_drive_controller/this_mecanum_drive_controller/odometry.hpp
-- Up-to-date symlink: /home/nbf2/my_ros2_controllers/mecanum_drive_controller/install/this_mecanum_drive_controller/share/this_mecanum_drive_controller/environment/library_path.sh
-- Up-to-date symlink: /home/nbf2/my_ros2_controllers/mecanum_drive_controller/install/this_mecanum_drive_controller/share/this_mecanum_drive_controller/environment/library_path.dsv
-- Up-to-date symlink: /home/nbf2/my_ros2_controllers/mecanum_drive_controller/install/this_mecanum_drive_controller/share/ament_index/resource_index/package_run_dependencies/this_mecanum_drive_controller
-- Up-to-date symlink: /home/nbf2/my_ros2_controllers/mecanum_drive_controller/install/this_mecanum_drive_controller/share/ament_index/resource_index/parent_prefix_path/this_mecanum_drive_controller
-- Up-to-date symlink: /home/nbf2/my_ros2_controllers/mecanum_drive_controller/install/this_mecanum_drive_controller/share/this_mecanum_drive_controller/environment/ament_prefix_path.sh
-- Up-to-date symlink: /home/nbf2/my_ros2_controllers/mecanum_drive_controller/install/this_mecanum_drive_controller/share/this_mecanum_drive_controller/environment/ament_prefix_path.dsv
-- Up-to-date symlink: /home/nbf2/my_ros2_controllers/mecanum_drive_controller/install/this_mecanum_drive_controller/share/this_mecanum_drive_controller/environment/path.sh
-- Up-to-date symlink: /home/nbf2/my_ros2_controllers/mecanum_drive_controller/install/this_mecanum_drive_controller/share/this_mecanum_drive_controller/environment/path.dsv
-- Up-to-date symlink: /home/nbf2/my_ros2_controllers/mecanum_drive_controller/install/this_mecanum_drive_controller/share/this_mecanum_drive_controller/local_setup.bash
-- Up-to-date symlink: /home/nbf2/my_ros2_controllers/mecanum_drive_controller/install/this_mecanum_drive_controller/share/this_mecanum_drive_controller/local_setup.sh
-- Up-to-date symlink: /home/nbf2/my_ros2_controllers/mecanum_drive_controller/install/this_mecanum_drive_controller/share/this_mecanum_drive_controller/local_setup.zsh
-- Up-to-date symlink: /home/nbf2/my_ros2_controllers/mecanum_drive_controller/install/this_mecanum_drive_controller/share/this_mecanum_drive_controller/local_setup.dsv
-- Symlinking: /home/nbf2/my_ros2_controllers/mecanum_drive_controller/install/this_mecanum_drive_controller/share/this_mecanum_drive_controller/package.dsv
-- Up-to-date symlink: /home/nbf2/my_ros2_controllers/mecanum_drive_controller/install/this_mecanum_drive_controller/share/ament_index/resource_index/packages/this_mecanum_drive_controller
-- Up-to-date symlink: /home/nbf2/my_ros2_controllers/mecanum_drive_controller/install/this_mecanum_drive_controller/share/ament_index/resource_index/controller_interface__pluginlib__plugin/this_mecanum_drive_controller
-- Up-to-date symlink: /home/nbf2/my_ros2_controllers/mecanum_drive_controller/install/this_mecanum_drive_controller/share/this_mecanum_drive_controller/cmake/ament_cmake_export_dependencies-extras.cmake
-- Up-to-date symlink: /home/nbf2/my_ros2_controllers/mecanum_drive_controller/install/this_mecanum_drive_controller/share/this_mecanum_drive_controller/cmake/ament_cmake_export_targets-extras.cmake
-- Up-to-date symlink: /home/nbf2/my_ros2_controllers/mecanum_drive_controller/install/this_mecanum_drive_controller/share/this_mecanum_drive_controller/cmake/this_mecanum_drive_controllerConfig.cmake
-- Up-to-date symlink: /home/nbf2/my_ros2_controllers/mecanum_drive_controller/install/this_mecanum_drive_controller/share/this_mecanum_drive_controller/cmake/this_mecanum_drive_controllerConfig-version.cmake
-- Up-to-date symlink: /home/nbf2/my_ros2_controllers/mecanum_drive_controller/install/this_mecanum_drive_controller/share/this_mecanum_drive_controller/package.xml
-- Installing: /home/nbf2/my_ros2_controllers/mecanum_drive_controller/install/this_mecanum_drive_controller/lib/libthis_mecanum_drive_controller.so
-- Set non-toolchain portion of runtime path of "/home/nbf2/my_ros2_controllers/mecanum_drive_controller/install/this_mecanum_drive_controller/lib/libthis_mecanum_drive_controller.so" to ""
-- Up-to-date: /home/nbf2/my_ros2_controllers/mecanum_drive_controller/install/this_mecanum_drive_controller/share/this_mecanum_drive_controller/cmake/export_this_mecanum_drive_controllerExport.cmake
-- Up-to-date: /home/nbf2/my_ros2_controllers/mecanum_drive_controller/install/this_mecanum_drive_controller/share/this_mecanum_drive_controller/cmake/export_this_mecanum_drive_controllerExport-noconfig.cmake
